Started on Jan 6, 2022, 12:18:23 PM
Started by event from 140.82.115.243 ⇒ http://35.198.201.41:8080/github-webhook/ on Thu Jan 06 12:18:23 UTC 2022
Using strategy: Default
[poll] Last Built Revision: Revision ca272d4406aeaf97b8da6c9d65742e268d3eb7c2 (refs/remotes/origin/develop)
Selected Git installation does not exist. Using Default
The recommended git tool is: NONE
using credential cc06d1e1-44a5-4361-9e9c-eadedc84103a
 > git --version # timeout=10
 > git --version # 'git version 2.30.2'
using GIT_ASKPASS to set credentials github-acc-nghiattr
 > git ls-remote -h -- https://github.com/nghiattr/flask-docker.git # timeout=10
Found 3 remote heads on https://github.com/nghiattr/flask-docker.git
[poll] Latest remote head revision on refs/heads/develop is: 1a1b8771e4e09d22a382a1a5b5312458354f25ca
Using strategy: Default
[poll] Last Built Revision: Revision ca272d4406aeaf97b8da6c9d65742e268d3eb7c2 (refs/remotes/origin/develop)
Selected Git installation does not exist. Using Default
The recommended git tool is: NONE
using credential cc06d1e1-44a5-4361-9e9c-eadedc84103a
 > git --version # timeout=10
 > git --version # 'git version 2.30.2'
using GIT_ASKPASS to set credentials github-acc-nghiattr
 > git ls-remote -h -- https://github.com/nghiattr/flask-docker.git # timeout=10
Found 3 remote heads on https://github.com/nghiattr/flask-docker.git
[poll] Latest remote head revision on refs/heads/develop is: 1a1b8771e4e09d22a382a1a5b5312458354f25ca
Using strategy: Default
[poll] Last Built Revision: Revision ca272d4406aeaf97b8da6c9d65742e268d3eb7c2 (refs/remotes/origin/develop)
Selected Git installation does not exist. Using Default
The recommended git tool is: NONE
using credential cc06d1e1-44a5-4361-9e9c-eadedc84103a
 > git --version # timeout=10
 > git --version # 'git version 2.30.2'
using GIT_ASKPASS to set credentials github-acc-nghiattr
 > git ls-remote -h -- https://github.com/nghiattr/flask-docker.git # timeout=10
Found 3 remote heads on https://github.com/nghiattr/flask-docker.git
[poll] Latest remote head revision on refs/heads/develop is: 1a1b8771e4e09d22a382a1a5b5312458354f25ca
Using strategy: Default
[poll] Last Built Revision: Revision ca272d4406aeaf97b8da6c9d65742e268d3eb7c2 (refs/remotes/origin/develop)
Selected Git installation does not exist. Using Default
The recommended git tool is: NONE
using credential cc06d1e1-44a5-4361-9e9c-eadedc84103a
 > git --version # timeout=10
 > git --version # 'git version 2.30.2'
using GIT_ASKPASS to set credentials github-acc-nghiattr
 > git ls-remote -h -- https://github.com/nghiattr/flask-docker.git # timeout=10
Found 3 remote heads on https://github.com/nghiattr/flask-docker.git
[poll] Latest remote head revision on refs/heads/develop is: 1a1b8771e4e09d22a382a1a5b5312458354f25ca
Done. Took 3.3 sec
Changes found
