Started on Jan 6, 2022, 9:01:22 AM
Started by event from 140.82.115.109 ⇒ http://35.198.201.41:8080/github-webhook/ on Thu Jan 06 09:01:22 UTC 2022
Using strategy: Default
[poll] Last Built Revision: Revision 942149604c218be7d8d675096400eb1bd61a9c54 (refs/remotes/origin/develop)
Selected Git installation does not exist. Using Default
The recommended git tool is: NONE
using credential cc06d1e1-44a5-4361-9e9c-eadedc84103a
 > git --version # timeout=10
 > git --version # 'git version 2.30.2'
using GIT_ASKPASS to set credentials github-acc-nghiattr
 > git ls-remote -h -- https://github.com/nghiattr/flask-docker.git # timeout=10
Found 3 remote heads on https://github.com/nghiattr/flask-docker.git
[poll] Latest remote head revision on refs/heads/develop is: 305e1f9752108c3db6d8bc5c2123635a66ad9e21
Using strategy: Default
[poll] Last Built Revision: Revision 942149604c218be7d8d675096400eb1bd61a9c54 (refs/remotes/origin/develop)
Selected Git installation does not exist. Using Default
The recommended git tool is: NONE
using credential cc06d1e1-44a5-4361-9e9c-eadedc84103a
 > git --version # timeout=10
 > git --version # 'git version 2.30.2'
using GIT_ASKPASS to set credentials github-acc-nghiattr
 > git ls-remote -h -- https://github.com/nghiattr/flask-docker.git # timeout=10
Found 3 remote heads on https://github.com/nghiattr/flask-docker.git
[poll] Latest remote head revision on refs/heads/develop is: 305e1f9752108c3db6d8bc5c2123635a66ad9e21
Using strategy: Default
[poll] Last Built Revision: Revision 942149604c218be7d8d675096400eb1bd61a9c54 (refs/remotes/origin/develop)
Selected Git installation does not exist. Using Default
The recommended git tool is: NONE
using credential cc06d1e1-44a5-4361-9e9c-eadedc84103a
 > git --version # timeout=10
 > git --version # 'git version 2.30.2'
using GIT_ASKPASS to set credentials github-acc-nghiattr
 > git ls-remote -h -- https://github.com/nghiattr/flask-docker.git # timeout=10
Found 3 remote heads on https://github.com/nghiattr/flask-docker.git
[poll] Latest remote head revision on refs/heads/develop is: 305e1f9752108c3db6d8bc5c2123635a66ad9e21
Using strategy: Default
[poll] Last Built Revision: Revision 942149604c218be7d8d675096400eb1bd61a9c54 (refs/remotes/origin/develop)
Selected Git installation does not exist. Using Default
The recommended git tool is: NONE
using credential cc06d1e1-44a5-4361-9e9c-eadedc84103a
 > git --version # timeout=10
 > git --version # 'git version 2.30.2'
using GIT_ASKPASS to set credentials github-acc-nghiattr
 > git ls-remote -h -- https://github.com/nghiattr/flask-docker.git # timeout=10
Found 3 remote heads on https://github.com/nghiattr/flask-docker.git
[poll] Latest remote head revision on refs/heads/develop is: 305e1f9752108c3db6d8bc5c2123635a66ad9e21
Done. Took 2.5 sec
Changes found
