Started on Jan 5, 2022, 1:08:47 PM
Started by event from 140.82.115.154 ⇒ http://35.198.201.41:8080/github-webhook/ on Wed Jan 05 13:08:47 UTC 2022
Using strategy: Default
[poll] Last Built Revision: Revision e40e6202fd146db911d610ffdc103eb6bf5bdc43 (origin/develop)
The recommended git tool is: NONE
using credential cc06d1e1-44a5-4361-9e9c-eadedc84103a
 > git rev-parse --resolve-git-dir /var/jenkins_home/workspace/CICD-pipeline@script/.git # timeout=10
Fetching changes from the remote Git repositories
 > git config remote.origin.url https://github.com/nghiattr/flask-docker.git # timeout=10
Fetching upstream changes from https://github.com/nghiattr/flask-docker.git
 > git --version # timeout=10
 > git --version # 'git version 2.30.2'
using GIT_ASKPASS to set credentials github-acc-nghiattr
 > git fetch --tags --force --progress -- https://github.com/nghiattr/flask-docker.git +refs/heads/*:refs/remotes/origin/* # timeout=10
Polling for changes in
Seen branch in repository origin/develop
Seen branch in repository origin/feature/testpullrq
Seen branch in repository origin/master
Seen 3 remote branches
 > git show-ref --tags -d # timeout=10
 > git log --full-history --no-abbrev --format=raw -M -m e40e6202fd146db911d610ffdc103eb6bf5bdc43..6f554c929ff8259b163c191155e02b3115ec8c18 # timeout=10
Done. Took 1 sec
Changes found
