Started on Jan 6, 2022, 12:36:59 PM
Started by event from 140.82.115.251 ⇒ http://35.198.201.41:8080/github-webhook/ on Thu Jan 06 12:36:59 UTC 2022
Using strategy: Default
[poll] Last Built Revision: Revision 1a1b8771e4e09d22a382a1a5b5312458354f25ca (refs/remotes/origin/develop)
Selected Git installation does not exist. Using Default
The recommended git tool is: NONE
using credential cc06d1e1-44a5-4361-9e9c-eadedc84103a
 > git --version # timeout=10
 > git --version # 'git version 2.30.2'
using GIT_ASKPASS to set credentials github-acc-nghiattr
 > git ls-remote -h -- https://github.com/nghiattr/flask-docker.git # timeout=10
Found 3 remote heads on https://github.com/nghiattr/flask-docker.git
[poll] Latest remote head revision on refs/heads/develop is: 36b0d9dc1b992ecb564c5b45bf15aca618c96227
Using strategy: Default
[poll] Last Built Revision: Revision 1a1b8771e4e09d22a382a1a5b5312458354f25ca (refs/remotes/origin/develop)
Selected Git installation does not exist. Using Default
The recommended git tool is: NONE
using credential cc06d1e1-44a5-4361-9e9c-eadedc84103a
 > git --version # timeout=10
 > git --version # 'git version 2.30.2'
using GIT_ASKPASS to set credentials github-acc-nghiattr
 > git ls-remote -h -- https://github.com/nghiattr/flask-docker.git # timeout=10
Found 3 remote heads on https://github.com/nghiattr/flask-docker.git
[poll] Latest remote head revision on refs/heads/develop is: 36b0d9dc1b992ecb564c5b45bf15aca618c96227
Using strategy: Default
[poll] Last Built Revision: Revision 1a1b8771e4e09d22a382a1a5b5312458354f25ca (refs/remotes/origin/develop)
Selected Git installation does not exist. Using Default
The recommended git tool is: NONE
using credential cc06d1e1-44a5-4361-9e9c-eadedc84103a
 > git --version # timeout=10
 > git --version # 'git version 2.30.2'
using GIT_ASKPASS to set credentials github-acc-nghiattr
 > git ls-remote -h -- https://github.com/nghiattr/flask-docker.git # timeout=10
Found 3 remote heads on https://github.com/nghiattr/flask-docker.git
[poll] Latest remote head revision on refs/heads/develop is: 36b0d9dc1b992ecb564c5b45bf15aca618c96227
Using strategy: Default
[poll] Last Built Revision: Revision 1a1b8771e4e09d22a382a1a5b5312458354f25ca (refs/remotes/origin/develop)
Selected Git installation does not exist. Using Default
The recommended git tool is: NONE
using credential cc06d1e1-44a5-4361-9e9c-eadedc84103a
 > git --version # timeout=10
 > git --version # 'git version 2.30.2'
using GIT_ASKPASS to set credentials github-acc-nghiattr
 > git ls-remote -h -- https://github.com/nghiattr/flask-docker.git # timeout=10
Found 3 remote heads on https://github.com/nghiattr/flask-docker.git
[poll] Latest remote head revision on refs/heads/develop is: 36b0d9dc1b992ecb564c5b45bf15aca618c96227
Done. Took 4.7 sec
Changes found
