Started on Jan 6, 2022, 7:56:04 PM
Started by event from 140.82.115.80 ⇒ http://35.198.201.41:8080/github-webhook/ on Thu Jan 06 19:56:04 UTC 2022
Using strategy: Default
[poll] Last Built Revision: Revision f21e0d65a7a266689abde738dfbe0212640bc15e (refs/remotes/origin/develop)
Selected Git installation does not exist. Using Default
The recommended git tool is: NONE
using credential cc06d1e1-44a5-4361-9e9c-eadedc84103a
 > git --version # timeout=10
 > git --version # 'git version 2.30.2'
using GIT_ASKPASS to set credentials github-acc-nghiattr
 > git ls-remote -h -- https://github.com/nghiattr/flask-docker.git # timeout=10
Found 3 remote heads on https://github.com/nghiattr/flask-docker.git
[poll] Latest remote head revision on refs/heads/develop is: 56b651cfb84e56aebbd2811d81a86cf1f1ec92da
Using strategy: Default
[poll] Last Built Revision: Revision f21e0d65a7a266689abde738dfbe0212640bc15e (refs/remotes/origin/develop)
Selected Git installation does not exist. Using Default
The recommended git tool is: NONE
using credential cc06d1e1-44a5-4361-9e9c-eadedc84103a
 > git --version # timeout=10
 > git --version # 'git version 2.30.2'
using GIT_ASKPASS to set credentials github-acc-nghiattr
 > git ls-remote -h -- https://github.com/nghiattr/flask-docker.git # timeout=10
Found 3 remote heads on https://github.com/nghiattr/flask-docker.git
[poll] Latest remote head revision on refs/heads/develop is: 56b651cfb84e56aebbd2811d81a86cf1f1ec92da
Using strategy: Default
[poll] Last Built Revision: Revision f21e0d65a7a266689abde738dfbe0212640bc15e (refs/remotes/origin/develop)
Selected Git installation does not exist. Using Default
The recommended git tool is: NONE
using credential cc06d1e1-44a5-4361-9e9c-eadedc84103a
 > git --version # timeout=10
 > git --version # 'git version 2.30.2'
using GIT_ASKPASS to set credentials github-acc-nghiattr
 > git ls-remote -h -- https://github.com/nghiattr/flask-docker.git # timeout=10
Found 3 remote heads on https://github.com/nghiattr/flask-docker.git
[poll] Latest remote head revision on refs/heads/develop is: 56b651cfb84e56aebbd2811d81a86cf1f1ec92da
Using strategy: Default
[poll] Last Built Revision: Revision f21e0d65a7a266689abde738dfbe0212640bc15e (refs/remotes/origin/develop)
Selected Git installation does not exist. Using Default
The recommended git tool is: NONE
using credential cc06d1e1-44a5-4361-9e9c-eadedc84103a
 > git --version # timeout=10
 > git --version # 'git version 2.30.2'
using GIT_ASKPASS to set credentials github-acc-nghiattr
 > git ls-remote -h -- https://github.com/nghiattr/flask-docker.git # timeout=10
Found 3 remote heads on https://github.com/nghiattr/flask-docker.git
[poll] Latest remote head revision on refs/heads/develop is: 56b651cfb84e56aebbd2811d81a86cf1f1ec92da
Done. Took 3.1 sec
Changes found
