Started on Jan 6, 2022, 10:27:08 AM
Started by event from 140.82.115.250 ⇒ http://35.198.201.41:8080/github-webhook/ on Thu Jan 06 10:27:08 UTC 2022
Using strategy: Default
[poll] Last Built Revision: Revision 305e1f9752108c3db6d8bc5c2123635a66ad9e21 (refs/remotes/origin/develop)
Selected Git installation does not exist. Using Default
The recommended git tool is: NONE
using credential cc06d1e1-44a5-4361-9e9c-eadedc84103a
 > git --version # timeout=10
 > git --version # 'git version 2.30.2'
using GIT_ASKPASS to set credentials github-acc-nghiattr
 > git ls-remote -h -- https://github.com/nghiattr/flask-docker.git # timeout=10
Found 3 remote heads on https://github.com/nghiattr/flask-docker.git
[poll] Latest remote head revision on refs/heads/develop is: d18c893c5d37615f287b47c9bf533fe38a1e3b1f
Using strategy: Default
[poll] Last Built Revision: Revision 305e1f9752108c3db6d8bc5c2123635a66ad9e21 (refs/remotes/origin/develop)
Selected Git installation does not exist. Using Default
The recommended git tool is: NONE
using credential cc06d1e1-44a5-4361-9e9c-eadedc84103a
 > git --version # timeout=10
 > git --version # 'git version 2.30.2'
using GIT_ASKPASS to set credentials github-acc-nghiattr
 > git ls-remote -h -- https://github.com/nghiattr/flask-docker.git # timeout=10
Found 3 remote heads on https://github.com/nghiattr/flask-docker.git
[poll] Latest remote head revision on refs/heads/develop is: d18c893c5d37615f287b47c9bf533fe38a1e3b1f
Using strategy: Default
[poll] Last Built Revision: Revision 305e1f9752108c3db6d8bc5c2123635a66ad9e21 (refs/remotes/origin/develop)
Selected Git installation does not exist. Using Default
The recommended git tool is: NONE
using credential cc06d1e1-44a5-4361-9e9c-eadedc84103a
 > git --version # timeout=10
 > git --version # 'git version 2.30.2'
using GIT_ASKPASS to set credentials github-acc-nghiattr
 > git ls-remote -h -- https://github.com/nghiattr/flask-docker.git # timeout=10
Found 3 remote heads on https://github.com/nghiattr/flask-docker.git
[poll] Latest remote head revision on refs/heads/develop is: d18c893c5d37615f287b47c9bf533fe38a1e3b1f
Using strategy: Default
[poll] Last Built Revision: Revision 305e1f9752108c3db6d8bc5c2123635a66ad9e21 (refs/remotes/origin/develop)
Selected Git installation does not exist. Using Default
The recommended git tool is: NONE
using credential cc06d1e1-44a5-4361-9e9c-eadedc84103a
 > git --version # timeout=10
 > git --version # 'git version 2.30.2'
using GIT_ASKPASS to set credentials github-acc-nghiattr
 > git ls-remote -h -- https://github.com/nghiattr/flask-docker.git # timeout=10
Found 3 remote heads on https://github.com/nghiattr/flask-docker.git
[poll] Latest remote head revision on refs/heads/develop is: d18c893c5d37615f287b47c9bf533fe38a1e3b1f
Done. Took 3.9 sec
Changes found
