Started on Jan 6, 2022, 11:57:18 AM
Started by event from 140.82.115.89 ⇒ http://35.198.201.41:8080/github-webhook/ on Thu Jan 06 11:57:18 UTC 2022
Using strategy: Default
[poll] Last Built Revision: Revision 7084ddcada6eef207a1bc89933940b9bc5ba861c (refs/remotes/origin/develop)
Selected Git installation does not exist. Using Default
The recommended git tool is: NONE
using credential cc06d1e1-44a5-4361-9e9c-eadedc84103a
 > git --version # timeout=10
 > git --version # 'git version 2.30.2'
using GIT_ASKPASS to set credentials github-acc-nghiattr
 > git ls-remote -h -- https://github.com/nghiattr/flask-docker.git # timeout=10
Found 3 remote heads on https://github.com/nghiattr/flask-docker.git
[poll] Latest remote head revision on refs/heads/develop is: ca272d4406aeaf97b8da6c9d65742e268d3eb7c2
Using strategy: Default
[poll] Last Built Revision: Revision 7084ddcada6eef207a1bc89933940b9bc5ba861c (refs/remotes/origin/develop)
Selected Git installation does not exist. Using Default
The recommended git tool is: NONE
using credential cc06d1e1-44a5-4361-9e9c-eadedc84103a
 > git --version # timeout=10
 > git --version # 'git version 2.30.2'
using GIT_ASKPASS to set credentials github-acc-nghiattr
 > git ls-remote -h -- https://github.com/nghiattr/flask-docker.git # timeout=10
Found 3 remote heads on https://github.com/nghiattr/flask-docker.git
[poll] Latest remote head revision on refs/heads/develop is: ca272d4406aeaf97b8da6c9d65742e268d3eb7c2
Using strategy: Default
[poll] Last Built Revision: Revision 7084ddcada6eef207a1bc89933940b9bc5ba861c (refs/remotes/origin/develop)
Selected Git installation does not exist. Using Default
The recommended git tool is: NONE
using credential cc06d1e1-44a5-4361-9e9c-eadedc84103a
 > git --version # timeout=10
 > git --version # 'git version 2.30.2'
using GIT_ASKPASS to set credentials github-acc-nghiattr
 > git ls-remote -h -- https://github.com/nghiattr/flask-docker.git # timeout=10
Found 3 remote heads on https://github.com/nghiattr/flask-docker.git
[poll] Latest remote head revision on refs/heads/develop is: ca272d4406aeaf97b8da6c9d65742e268d3eb7c2
Using strategy: Default
[poll] Last Built Revision: Revision 7084ddcada6eef207a1bc89933940b9bc5ba861c (refs/remotes/origin/develop)
Selected Git installation does not exist. Using Default
The recommended git tool is: NONE
using credential cc06d1e1-44a5-4361-9e9c-eadedc84103a
 > git --version # timeout=10
 > git --version # 'git version 2.30.2'
using GIT_ASKPASS to set credentials github-acc-nghiattr
 > git ls-remote -h -- https://github.com/nghiattr/flask-docker.git # timeout=10
Found 3 remote heads on https://github.com/nghiattr/flask-docker.git
[poll] Latest remote head revision on refs/heads/develop is: ca272d4406aeaf97b8da6c9d65742e268d3eb7c2
Done. Took 4.4 sec
Changes found
