Started on Jan 6, 2022, 2:38:24 PM
Started by event from 140.82.115.105 ⇒ http://35.198.201.41:8080/github-webhook/ on Thu Jan 06 14:38:24 UTC 2022
Using strategy: Default
[poll] Last Built Revision: Revision 00ba90dbf39367bdebec60a71350694d8a838211 (refs/remotes/origin/develop)
Selected Git installation does not exist. Using Default
The recommended git tool is: NONE
using credential cc06d1e1-44a5-4361-9e9c-eadedc84103a
 > git --version # timeout=10
 > git --version # 'git version 2.30.2'
using GIT_ASKPASS to set credentials github-acc-nghiattr
 > git ls-remote -h -- https://github.com/nghiattr/flask-docker.git # timeout=10
Found 3 remote heads on https://github.com/nghiattr/flask-docker.git
[poll] Latest remote head revision on refs/heads/develop is: ba6b35476a423ca70181e2bc10423a0135cef486
Using strategy: Default
[poll] Last Built Revision: Revision 00ba90dbf39367bdebec60a71350694d8a838211 (refs/remotes/origin/develop)
Selected Git installation does not exist. Using Default
The recommended git tool is: NONE
using credential cc06d1e1-44a5-4361-9e9c-eadedc84103a
 > git --version # timeout=10
 > git --version # 'git version 2.30.2'
using GIT_ASKPASS to set credentials github-acc-nghiattr
 > git ls-remote -h -- https://github.com/nghiattr/flask-docker.git # timeout=10
Found 3 remote heads on https://github.com/nghiattr/flask-docker.git
[poll] Latest remote head revision on refs/heads/develop is: ba6b35476a423ca70181e2bc10423a0135cef486
Using strategy: Default
[poll] Last Built Revision: Revision 00ba90dbf39367bdebec60a71350694d8a838211 (refs/remotes/origin/develop)
Selected Git installation does not exist. Using Default
The recommended git tool is: NONE
using credential cc06d1e1-44a5-4361-9e9c-eadedc84103a
 > git --version # timeout=10
 > git --version # 'git version 2.30.2'
using GIT_ASKPASS to set credentials github-acc-nghiattr
 > git ls-remote -h -- https://github.com/nghiattr/flask-docker.git # timeout=10
Found 3 remote heads on https://github.com/nghiattr/flask-docker.git
[poll] Latest remote head revision on refs/heads/develop is: ba6b35476a423ca70181e2bc10423a0135cef486
Using strategy: Default
[poll] Last Built Revision: Revision 00ba90dbf39367bdebec60a71350694d8a838211 (refs/remotes/origin/develop)
Selected Git installation does not exist. Using Default
The recommended git tool is: NONE
using credential cc06d1e1-44a5-4361-9e9c-eadedc84103a
 > git --version # timeout=10
 > git --version # 'git version 2.30.2'
using GIT_ASKPASS to set credentials github-acc-nghiattr
 > git ls-remote -h -- https://github.com/nghiattr/flask-docker.git # timeout=10
Found 3 remote heads on https://github.com/nghiattr/flask-docker.git
[poll] Latest remote head revision on refs/heads/develop is: ba6b35476a423ca70181e2bc10423a0135cef486
Done. Took 5.2 sec
Changes found
