Started on Jan 5, 2022, 8:17:34 PM
Started by event from 140.82.115.109 ⇒ http://35.198.201.41:8080/github-webhook/ on Wed Jan 05 20:17:34 UTC 2022
Using strategy: Default
[poll] Last Built Revision: Revision 7dbd318f24501befacabfb54de93f2de060cb6c1 (refs/remotes/origin/develop)
Selected Git installation does not exist. Using Default
The recommended git tool is: NONE
using credential cc06d1e1-44a5-4361-9e9c-eadedc84103a
 > git --version # timeout=10
 > git --version # 'git version 2.30.2'
using GIT_ASKPASS to set credentials github-acc-nghiattr
 > git ls-remote -h -- https://github.com/nghiattr/flask-docker.git # timeout=10
Found 3 remote heads on https://github.com/nghiattr/flask-docker.git
[poll] Latest remote head revision on refs/heads/develop is: 8db38e5f2b8624be4e9b00003587d2c6b15dc7b4
Using strategy: Default
[poll] Last Built Revision: Revision 7dbd318f24501befacabfb54de93f2de060cb6c1 (refs/remotes/origin/develop)
Selected Git installation does not exist. Using Default
The recommended git tool is: NONE
using credential cc06d1e1-44a5-4361-9e9c-eadedc84103a
 > git --version # timeout=10
 > git --version # 'git version 2.30.2'
using GIT_ASKPASS to set credentials github-acc-nghiattr
 > git ls-remote -h -- https://github.com/nghiattr/flask-docker.git # timeout=10
Found 3 remote heads on https://github.com/nghiattr/flask-docker.git
[poll] Latest remote head revision on refs/heads/develop is: 8db38e5f2b8624be4e9b00003587d2c6b15dc7b4
Using strategy: Default
[poll] Last Built Revision: Revision 7dbd318f24501befacabfb54de93f2de060cb6c1 (refs/remotes/origin/develop)
Selected Git installation does not exist. Using Default
The recommended git tool is: NONE
using credential cc06d1e1-44a5-4361-9e9c-eadedc84103a
 > git --version # timeout=10
 > git --version # 'git version 2.30.2'
using GIT_ASKPASS to set credentials github-acc-nghiattr
 > git ls-remote -h -- https://github.com/nghiattr/flask-docker.git # timeout=10
Found 3 remote heads on https://github.com/nghiattr/flask-docker.git
[poll] Latest remote head revision on refs/heads/develop is: 8db38e5f2b8624be4e9b00003587d2c6b15dc7b4
Using strategy: Default
[poll] Last Built Revision: Revision 7dbd318f24501befacabfb54de93f2de060cb6c1 (refs/remotes/origin/develop)
Selected Git installation does not exist. Using Default
The recommended git tool is: NONE
using credential cc06d1e1-44a5-4361-9e9c-eadedc84103a
 > git --version # timeout=10
 > git --version # 'git version 2.30.2'
using GIT_ASKPASS to set credentials github-acc-nghiattr
 > git ls-remote -h -- https://github.com/nghiattr/flask-docker.git # timeout=10
Found 3 remote heads on https://github.com/nghiattr/flask-docker.git
[poll] Latest remote head revision on refs/heads/develop is: 8db38e5f2b8624be4e9b00003587d2c6b15dc7b4
Done. Took 3.1 sec
Changes found
