Started on Jan 6, 2022, 11:08:16 AM
Started by event from 140.82.115.114 ⇒ http://35.198.201.41:8080/github-webhook/ on Thu Jan 06 11:08:16 UTC 2022
Using strategy: Default
[poll] Last Built Revision: Revision d18c893c5d37615f287b47c9bf533fe38a1e3b1f (refs/remotes/origin/develop)
Selected Git installation does not exist. Using Default
The recommended git tool is: NONE
using credential cc06d1e1-44a5-4361-9e9c-eadedc84103a
 > git --version # timeout=10
 > git --version # 'git version 2.30.2'
using GIT_ASKPASS to set credentials github-acc-nghiattr
 > git ls-remote -h -- https://github.com/nghiattr/flask-docker.git # timeout=10
Found 3 remote heads on https://github.com/nghiattr/flask-docker.git
[poll] Latest remote head revision on refs/heads/develop is: 7084ddcada6eef207a1bc89933940b9bc5ba861c
Using strategy: Default
[poll] Last Built Revision: Revision d18c893c5d37615f287b47c9bf533fe38a1e3b1f (refs/remotes/origin/develop)
Selected Git installation does not exist. Using Default
The recommended git tool is: NONE
using credential cc06d1e1-44a5-4361-9e9c-eadedc84103a
 > git --version # timeout=10
 > git --version # 'git version 2.30.2'
using GIT_ASKPASS to set credentials github-acc-nghiattr
 > git ls-remote -h -- https://github.com/nghiattr/flask-docker.git # timeout=10
Found 3 remote heads on https://github.com/nghiattr/flask-docker.git
[poll] Latest remote head revision on refs/heads/develop is: 7084ddcada6eef207a1bc89933940b9bc5ba861c
Using strategy: Default
[poll] Last Built Revision: Revision d18c893c5d37615f287b47c9bf533fe38a1e3b1f (refs/remotes/origin/develop)
Selected Git installation does not exist. Using Default
The recommended git tool is: NONE
using credential cc06d1e1-44a5-4361-9e9c-eadedc84103a
 > git --version # timeout=10
 > git --version # 'git version 2.30.2'
using GIT_ASKPASS to set credentials github-acc-nghiattr
 > git ls-remote -h -- https://github.com/nghiattr/flask-docker.git # timeout=10
Found 3 remote heads on https://github.com/nghiattr/flask-docker.git
[poll] Latest remote head revision on refs/heads/develop is: 7084ddcada6eef207a1bc89933940b9bc5ba861c
Using strategy: Default
[poll] Last Built Revision: Revision d18c893c5d37615f287b47c9bf533fe38a1e3b1f (refs/remotes/origin/develop)
Selected Git installation does not exist. Using Default
The recommended git tool is: NONE
using credential cc06d1e1-44a5-4361-9e9c-eadedc84103a
 > git --version # timeout=10
 > git --version # 'git version 2.30.2'
using GIT_ASKPASS to set credentials github-acc-nghiattr
 > git ls-remote -h -- https://github.com/nghiattr/flask-docker.git # timeout=10
Found 3 remote heads on https://github.com/nghiattr/flask-docker.git
[poll] Latest remote head revision on refs/heads/develop is: 7084ddcada6eef207a1bc89933940b9bc5ba861c
Done. Took 3.3 sec
Changes found
